
 /----------------------------------------------------------------------------\
 |  yosys -- Yosys Open SYnthesis Suite                                       |
 |  Copyright (C) 2012 - 2026  Claire Xenia Wolf <claire@yosyshq.com>         |
 |  Distributed under an ISC-like license, type "license" to see terms        |
 \----------------------------------------------------------------------------/
 Yosys 0.64 (git sha1 8449dd470, g++ 11.4.0-1ubuntu1~22.04.3 -fPIC -O3) [the-openroad-project/yosys]

-- Running command `read_verilog rtl/csa/weighted_sum.v rtl/csa/normalization_unit.v rtl/csa/crop_stress_accelerator.v; hierarchy -check -top crop_stress_accelerator; proc; opt; techmap; opt; synth; stat -top crop_stress_accelerator' --

1. Executing Verilog-2005 frontend: rtl/csa/weighted_sum.v
Parsing Verilog input from `rtl/csa/weighted_sum.v' to AST representation.
Generating RTLIL representation for module `\weighted_sum'.
Successfully finished Verilog frontend.

2. Executing Verilog-2005 frontend: rtl/csa/normalization_unit.v
Parsing Verilog input from `rtl/csa/normalization_unit.v' to AST representation.
Generating RTLIL representation for module `\normalization_unit'.
Successfully finished Verilog frontend.

3. Executing Verilog-2005 frontend: rtl/csa/crop_stress_accelerator.v
Parsing Verilog input from `rtl/csa/crop_stress_accelerator.v' to AST representation.
Generating RTLIL representation for module `\crop_stress_accelerator'.
Successfully finished Verilog frontend.

4. Executing HIERARCHY pass (managing design hierarchy).

4.1. Analyzing design hierarchy..
Top module:  \crop_stress_accelerator
Used module:     \normalization_unit
Used module:     \weighted_sum

4.2. Analyzing design hierarchy..
Top module:  \crop_stress_accelerator
Used module:     \normalization_unit
Used module:     \weighted_sum
Removed 0 unused modules.

5. Executing PROC pass (convert processes to netlists).

5.1. Executing PROC_CLEAN pass (remove empty switches from decision trees).
Cleaned up 0 empty switches.

5.2. Executing PROC_RMDEAD pass (remove dead branches from decision trees).
Marked 1 switch rules as full_case in process $proc$rtl/csa/crop_stress_accelerator.v:63$9 in module crop_stress_accelerator.
Removed a total of 0 dead cases.

5.3. Executing PROC_PRUNE pass (remove redundant assignments in processes).
Removed 1 redundant assignment.
Promoted 0 assignments to connections.

5.4. Executing PROC_INIT pass (extract init attributes).

5.5. Executing PROC_ARST pass (detect async resets in processes).
Found async reset \rst_n in `\crop_stress_accelerator.$proc$rtl/csa/crop_stress_accelerator.v:63$9'.

5.6. Executing PROC_ROM pass (convert switches to ROMs).
Converted 0 switches.

5.7. Executing PROC_MUX pass (convert decision trees to multiplexers).
Creating decoders for process `\crop_stress_accelerator.$proc$rtl/csa/crop_stress_accelerator.v:63$9'.
     1/1: $0\weighted_sum_val_reg[18:0]

5.8. Executing PROC_DLATCH pass (convert process syncs to latches).

5.9. Executing PROC_DFF pass (convert process syncs to FFs).
Creating register for signal `\crop_stress_accelerator.\weighted_sum_val_reg' using process `\crop_stress_accelerator.$proc$rtl/csa/crop_stress_accelerator.v:63$9'.
  created $adff cell `$procdff$15' with positive edge clock and positive level reset.

5.10. Executing PROC_MEMWR pass (convert process memory writes to cells).

5.11. Executing PROC_CLEAN pass (remove empty switches from decision trees).
Removing empty process `crop_stress_accelerator.$proc$rtl/csa/crop_stress_accelerator.v:63$9'.
Cleaned up 0 empty switches.

5.12. Executing OPT_EXPR pass (perform const folding).
Optimizing module crop_stress_accelerator.
<suppressed ~2 debug messages>
Optimizing module normalization_unit.
Optimizing module weighted_sum.

6. Executing OPT pass (performing simple optimizations).

6.1. Executing OPT_EXPR pass (perform const folding).
Optimizing module crop_stress_accelerator.
Optimizing module normalization_unit.
Optimizing module weighted_sum.

6.2. Executing OPT_MERGE pass (detect identical cells).
Finding identical cells in module `\crop_stress_accelerator'.
Computing hashes of 13 cells of `\crop_stress_accelerator'.
Finding duplicate cells in `\crop_stress_accelerator'.
Finding identical cells in module `\normalization_unit'.
Computing hashes of 3 cells of `\normalization_unit'.
Finding duplicate cells in `\normalization_unit'.
Finding identical cells in module `\weighted_sum'.
Computing hashes of 1 cells of `\weighted_sum'.
Finding duplicate cells in `\weighted_sum'.
Removed a total of 0 cells.

6.3. Executing OPT_MUXTREE pass (detect dead branches in mux trees).
Running muxtree optimizer on module \crop_stress_accelerator..
  Creating internal representation of mux trees.
  No muxes found in this module.
Running muxtree optimizer on module \normalization_unit..
  Creating internal representation of mux trees.
  Evaluating internal representation of mux trees.
  Analyzing evaluation results.
Running muxtree optimizer on module \weighted_sum..
  Creating internal representation of mux trees.
  No muxes found in this module.
Removed 0 multiplexer ports.
<suppressed ~2 debug messages>

6.4. Executing OPT_REDUCE pass (consolidate $*mux and $reduce_* inputs).
  Optimizing cells in module \crop_stress_accelerator.
  Optimizing cells in module \normalization_unit.
  Optimizing cells in module \weighted_sum.
Performed a total of 0 changes.

6.5. Executing OPT_MERGE pass (detect identical cells).
Finding identical cells in module `\crop_stress_accelerator'.
Computing hashes of 13 cells of `\crop_stress_accelerator'.
Finding duplicate cells in `\crop_stress_accelerator'.
Finding identical cells in module `\normalization_unit'.
Computing hashes of 3 cells of `\normalization_unit'.
Finding duplicate cells in `\normalization_unit'.
Finding identical cells in module `\weighted_sum'.
Computing hashes of 1 cells of `\weighted_sum'.
Finding duplicate cells in `\weighted_sum'.
Removed a total of 0 cells.

6.6. Executing OPT_DFF pass (perform DFF optimizations).

6.7. Executing OPT_CLEAN pass (remove unused cells and wires).
Finding unused cells or wires in module \crop_stress_accelerator..
Finding unused cells or wires in module \normalization_unit..
Finding unused cells or wires in module \weighted_sum..
Removed 2 unused cells and 8 unused wires.
<suppressed ~5 debug messages>

6.8. Executing OPT_EXPR pass (perform const folding).
Optimizing module crop_stress_accelerator.
Optimizing module normalization_unit.
Optimizing module weighted_sum.

6.9. Rerunning OPT passes. (Maybe there is more to do..)

6.10. Executing OPT_MUXTREE pass (detect dead branches in mux trees).
Running muxtree optimizer on module \crop_stress_accelerator..
  Creating internal representation of mux trees.
  No muxes found in this module.
Running muxtree optimizer on module \normalization_unit..
  Creating internal representation of mux trees.
  Evaluating internal representation of mux trees.
  Analyzing evaluation results.
Running muxtree optimizer on module \weighted_sum..
  Creating internal representation of mux trees.
  No muxes found in this module.
Removed 0 multiplexer ports.
<suppressed ~2 debug messages>

6.11. Executing OPT_REDUCE pass (consolidate $*mux and $reduce_* inputs).
  Optimizing cells in module \crop_stress_accelerator.
  Optimizing cells in module \normalization_unit.
  Optimizing cells in module \weighted_sum.
Performed a total of 0 changes.

6.12. Executing OPT_MERGE pass (detect identical cells).
Finding identical cells in module `\crop_stress_accelerator'.
Computing hashes of 11 cells of `\crop_stress_accelerator'.
Finding duplicate cells in `\crop_stress_accelerator'.
Finding identical cells in module `\normalization_unit'.
Computing hashes of 3 cells of `\normalization_unit'.
Finding duplicate cells in `\normalization_unit'.
Finding identical cells in module `\weighted_sum'.
Computing hashes of 1 cells of `\weighted_sum'.
Finding duplicate cells in `\weighted_sum'.
Removed a total of 0 cells.

6.13. Executing OPT_DFF pass (perform DFF optimizations).

6.14. Executing OPT_CLEAN pass (remove unused cells and wires).
Finding unused cells or wires in module \crop_stress_accelerator..
Finding unused cells or wires in module \normalization_unit..
Finding unused cells or wires in module \weighted_sum..

6.15. Executing OPT_EXPR pass (perform const folding).
Optimizing module crop_stress_accelerator.
Optimizing module normalization_unit.
Optimizing module weighted_sum.

6.16. Finished fast OPT passes. (There is nothing left to do.)

7. Executing TECHMAP pass (map to technology primitives).

7.1. Executing Verilog-2005 frontend: /root/OpenROAD-flow-scripts/tools/install/yosys/bin/../share/yosys/techmap.v
Parsing Verilog input from `/root/OpenROAD-flow-scripts/tools/install/yosys/bin/../share/yosys/techmap.v' to AST representation.
Generating RTLIL representation for module `\_90_simplemap_bool_ops'.
Generating RTLIL representation for module `\_90_simplemap_reduce_ops'.
Generating RTLIL representation for module `\_90_simplemap_logic_ops'.
Generating RTLIL representation for module `\_90_simplemap_compare_ops'.
Generating RTLIL representation for module `\_90_simplemap_various'.
Generating RTLIL representation for module `\_90_simplemap_registers'.
Generating RTLIL representation for module `\_90_shift_ops_shr_shl_sshl_sshr'.
Generating RTLIL representation for module `\_90_shift_shiftx'.
Generating RTLIL representation for module `\_90_fa'.
Generating RTLIL representation for module `\_90_lcu_brent_kung'.
Generating RTLIL representation for module `\_90_alu'.
Generating RTLIL representation for module `\_90_macc'.
Generating RTLIL representation for module `\_90_alumacc'.
Generating RTLIL representation for module `$__div_mod_u'.
Generating RTLIL representation for module `$__div_mod_trunc'.
Generating RTLIL representation for module `\_90_div'.
Generating RTLIL representation for module `\_90_mod'.
Generating RTLIL representation for module `$__div_mod_floor'.
Generating RTLIL representation for module `\_90_divfloor'.
Generating RTLIL representation for module `\_90_modfloor'.
Generating RTLIL representation for module `\_90_pow'.
Generating RTLIL representation for module `\_90_pmux'.
Generating RTLIL representation for module `\_90_demux'.
Generating RTLIL representation for module `\_90_lut'.
Generating RTLIL representation for module `$connect'.
Generating RTLIL representation for module `$input_port'.
Successfully finished Verilog frontend.

7.2. Continuing TECHMAP pass.
Running "alumacc" on wrapper $extern:wrap:$mul:Y_WIDTH=16:B_WIDTH=8:A_WIDTH=8:B_SIGNED=0:A_SIGNED=0:394426c56d1a028ba8fdd5469b163e04011def47.
Using template $extern:wrap:$mul:Y_WIDTH=16:B_WIDTH=8:A_WIDTH=8:B_SIGNED=0:A_SIGNED=0:394426c56d1a028ba8fdd5469b163e04011def47 for cells of type $extern:wrap:$mul:Y_WIDTH=16:B_WIDTH=8:A_WIDTH=8:B_SIGNED=0:A_SIGNED=0:394426c56d1a028ba8fdd5469b163e04011def47.
Using extmapper maccmap for cells of type $macc_v2.
  add \sensor_value * \weight (8x8 bits, unsigned)
Using template $paramod\_90_fa\WIDTH=32'00000000000000000000000000010000 for cells of type $fa.
Using template $paramod$6df0329addda9228fcc2546de2aaf14ad26c98e1\_90_alu for cells of type $alu.
Using extmapper simplemap for cells of type $and.
Using extmapper simplemap for cells of type $or.
Using extmapper simplemap for cells of type $xor.
Using template $paramod\_90_lcu_brent_kung\WIDTH=32'00000000000000000000000000010000 for cells of type $lcu.
Using extmapper simplemap for cells of type $pos.
Using extmapper simplemap for cells of type $mux.
Using extmapper simplemap for cells of type $not.
Using template $paramod$constmap:e341ac7fb718357274c1cb57a8f54bf5f54f07b9$paramod$62e62b0f6289f173ffac6616fcf3cfda261eccb3\_90_shift_ops_shr_shl_sshl_sshr for cells of type $shr.
Running "alumacc" on wrapper $extern:wrap:$gt:Y_WIDTH=1:B_WIDTH=19:A_WIDTH=19:B_SIGNED=0:A_SIGNED=0:394426c56d1a028ba8fdd5469b163e04011def47.
Using template $extern:wrap:$gt:Y_WIDTH=1:B_WIDTH=19:A_WIDTH=19:B_SIGNED=0:A_SIGNED=0:394426c56d1a028ba8fdd5469b163e04011def47 for cells of type $extern:wrap:$gt:Y_WIDTH=1:B_WIDTH=19:A_WIDTH=19:B_SIGNED=0:A_SIGNED=0:394426c56d1a028ba8fdd5469b163e04011def47.
Using extmapper simplemap for cells of type $reduce_and.
Using template $paramod$4e6ee5eb737cf7428f8e246e911ae1dac9ae2979\_90_alu for cells of type $alu.
Using template $paramod\_90_fa\WIDTH=32'00000000000000000000000000010011 for cells of type $fa.
Using template $paramod\_90_lcu_brent_kung\WIDTH=32'00000000000000000000000000010011 for cells of type $lcu.
Running "alumacc" on wrapper $extern:wrap:$add:Y_WIDTH=19:B_WIDTH=19:A_WIDTH=19:B_SIGNED=0:A_SIGNED=0:394426c56d1a028ba8fdd5469b163e04011def47.
Using template $extern:wrap:$add:Y_WIDTH=19:B_WIDTH=19:A_WIDTH=19:B_SIGNED=0:A_SIGNED=0:394426c56d1a028ba8fdd5469b163e04011def47 for cells of type $extern:wrap:$add:Y_WIDTH=19:B_WIDTH=19:A_WIDTH=19:B_SIGNED=0:A_SIGNED=0:394426c56d1a028ba8fdd5469b163e04011def47.
Using extmapper simplemap for cells of type $adff.
No more expansions possible.
<suppressed ~1284 debug messages>

8. Executing OPT pass (performing simple optimizations).

8.1. Executing OPT_EXPR pass (perform const folding).
Optimizing module crop_stress_accelerator.
<suppressed ~390 debug messages>
Optimizing module normalization_unit.
<suppressed ~160 debug messages>
Optimizing module weighted_sum.
<suppressed ~408 debug messages>

8.2. Executing OPT_MERGE pass (detect identical cells).
Finding identical cells in module `\crop_stress_accelerator'.
Computing hashes of 543 cells of `\crop_stress_accelerator'.
Finding duplicate cells in `\crop_stress_accelerator'.
Finding identical cells in module `\normalization_unit'.
Computing hashes of 192 cells of `\normalization_unit'.
Finding duplicate cells in `\normalization_unit'.
Computing hashes of 183 cells of `\normalization_unit'.
Finding duplicate cells in `\normalization_unit'.
Computing hashes of 179 cells of `\normalization_unit'.
Finding duplicate cells in `\normalization_unit'.
Computing hashes of 177 cells of `\normalization_unit'.
Finding duplicate cells in `\normalization_unit'.
Computing hashes of 176 cells of `\normalization_unit'.
Finding duplicate cells in `\normalization_unit'.
<suppressed ~48 debug messages>
Finding identical cells in module `\weighted_sum'.
Computing hashes of 394 cells of `\weighted_sum'.
Finding duplicate cells in `\weighted_sum'.
Removed a total of 16 cells.

8.3. Executing OPT_MUXTREE pass (detect dead branches in mux trees).
Running muxtree optimizer on module \crop_stress_accelerator..
  Creating internal representation of mux trees.
  No muxes found in this module.
Running muxtree optimizer on module \normalization_unit..
  Creating internal representation of mux trees.
  No muxes found in this module.
Running muxtree optimizer on module \weighted_sum..
  Creating internal representation of mux trees.
  No muxes found in this module.
Removed 0 multiplexer ports.

8.4. Executing OPT_REDUCE pass (consolidate $*mux and $reduce_* inputs).
  Optimizing cells in module \crop_stress_accelerator.
  Optimizing cells in module \normalization_unit.
  Optimizing cells in module \weighted_sum.
Performed a total of 0 changes.

8.5. Executing OPT_MERGE pass (detect identical cells).
Finding identical cells in module `\crop_stress_accelerator'.
Computing hashes of 543 cells of `\crop_stress_accelerator'.
Finding duplicate cells in `\crop_stress_accelerator'.
Finding identical cells in module `\normalization_unit'.
Computing hashes of 176 cells of `\normalization_unit'.
Finding duplicate cells in `\normalization_unit'.
Finding identical cells in module `\weighted_sum'.
Computing hashes of 394 cells of `\weighted_sum'.
Finding duplicate cells in `\weighted_sum'.
Removed a total of 0 cells.

8.6. Executing OPT_DFF pass (perform DFF optimizations).

8.7. Executing OPT_CLEAN pass (remove unused cells and wires).
Finding unused cells or wires in module \crop_stress_accelerator..
Finding unused cells or wires in module \normalization_unit..
Finding unused cells or wires in module \weighted_sum..
Removed 132 unused cells and 409 unused wires.
<suppressed ~135 debug messages>

8.8. Executing OPT_EXPR pass (perform const folding).
Optimizing module crop_stress_accelerator.
Optimizing module normalization_unit.
Optimizing module weighted_sum.

8.9. Rerunning OPT passes. (Maybe there is more to do..)

8.10. Executing OPT_MUXTREE pass (detect dead branches in mux trees).
Running muxtree optimizer on module \crop_stress_accelerator..
  Creating internal representation of mux trees.
  No muxes found in this module.
Running muxtree optimizer on module \normalization_unit..
  Creating internal representation of mux trees.
  No muxes found in this module.
Running muxtree optimizer on module \weighted_sum..
  Creating internal representation of mux trees.
  No muxes found in this module.
Removed 0 multiplexer ports.

8.11. Executing OPT_REDUCE pass (consolidate $*mux and $reduce_* inputs).
  Optimizing cells in module \crop_stress_accelerator.
  Optimizing cells in module \normalization_unit.
  Optimizing cells in module \weighted_sum.
Performed a total of 0 changes.

8.12. Executing OPT_MERGE pass (detect identical cells).
Finding identical cells in module `\crop_stress_accelerator'.
Computing hashes of 478 cells of `\crop_stress_accelerator'.
Finding duplicate cells in `\crop_stress_accelerator'.
Finding identical cells in module `\normalization_unit'.
Computing hashes of 136 cells of `\normalization_unit'.
Finding duplicate cells in `\normalization_unit'.
Finding identical cells in module `\weighted_sum'.
Computing hashes of 367 cells of `\weighted_sum'.
Finding duplicate cells in `\weighted_sum'.
Removed a total of 0 cells.

8.13. Executing OPT_DFF pass (perform DFF optimizations).

8.14. Executing OPT_CLEAN pass (remove unused cells and wires).
Finding unused cells or wires in module \crop_stress_accelerator..
Finding unused cells or wires in module \normalization_unit..
Finding unused cells or wires in module \weighted_sum..

8.15. Executing OPT_EXPR pass (perform const folding).
Optimizing module crop_stress_accelerator.
Optimizing module normalization_unit.
Optimizing module weighted_sum.

8.16. Finished fast OPT passes. (There is nothing left to do.)

9. Executing SYNTH pass.

9.1. Executing HIERARCHY pass (managing design hierarchy).
Attribute `top' found on module `crop_stress_accelerator'. Setting top module to crop_stress_accelerator.

9.1.1. Analyzing design hierarchy..
Top module:  \crop_stress_accelerator
Used module:     \normalization_unit
Used module:     \weighted_sum

9.1.2. Analyzing design hierarchy..
Top module:  \crop_stress_accelerator
Used module:     \normalization_unit
Used module:     \weighted_sum
Removed 0 unused modules.

9.2. Executing PROC pass (convert processes to netlists).

9.2.1. Executing PROC_CLEAN pass (remove empty switches from decision trees).
Cleaned up 0 empty switches.

9.2.2. Executing PROC_RMDEAD pass (remove dead branches from decision trees).
Removed a total of 0 dead cases.

9.2.3. Executing PROC_PRUNE pass (remove redundant assignments in processes).
Removed 0 redundant assignments.
Promoted 0 assignments to connections.

9.2.4. Executing PROC_INIT pass (extract init attributes).

9.2.5. Executing PROC_ARST pass (detect async resets in processes).

9.2.6. Executing PROC_ROM pass (convert switches to ROMs).
Converted 0 switches.

9.2.7. Executing PROC_MUX pass (convert decision trees to multiplexers).

9.2.8. Executing PROC_DLATCH pass (convert process syncs to latches).

9.2.9. Executing PROC_DFF pass (convert process syncs to FFs).

9.2.10. Executing PROC_MEMWR pass (convert process memory writes to cells).

9.2.11. Executing PROC_CLEAN pass (remove empty switches from decision trees).
Cleaned up 0 empty switches.

9.2.12. Executing OPT_EXPR pass (perform const folding).
Optimizing module crop_stress_accelerator.
Optimizing module normalization_unit.
Optimizing module weighted_sum.

9.3. Executing OPT_EXPR pass (perform const folding).
Optimizing module crop_stress_accelerator.
Optimizing module normalization_unit.
Optimizing module weighted_sum.

9.4. Executing OPT_CLEAN pass (remove unused cells and wires).
Finding unused cells or wires in module \crop_stress_accelerator..
Finding unused cells or wires in module \normalization_unit..
Finding unused cells or wires in module \weighted_sum..

9.5. Executing CHECK pass (checking for obvious problems).
Checking module crop_stress_accelerator...
Checking module normalization_unit...
Checking module weighted_sum...
Found and reported 0 problems.

9.6. Executing OPT pass (performing simple optimizations).

9.6.1. Executing OPT_EXPR pass (perform const folding).
Optimizing module crop_stress_accelerator.
Optimizing module normalization_unit.
Optimizing module weighted_sum.

9.6.2. Executing OPT_MERGE pass (detect identical cells).
Finding identical cells in module `\crop_stress_accelerator'.
Computing hashes of 478 cells of `\crop_stress_accelerator'.
Finding duplicate cells in `\crop_stress_accelerator'.
Finding identical cells in module `\normalization_unit'.
Computing hashes of 136 cells of `\normalization_unit'.
Finding duplicate cells in `\normalization_unit'.
Finding identical cells in module `\weighted_sum'.
Computing hashes of 367 cells of `\weighted_sum'.
Finding duplicate cells in `\weighted_sum'.
Removed a total of 0 cells.

9.6.3. Executing OPT_MUXTREE pass (detect dead branches in mux trees).
Running muxtree optimizer on module \crop_stress_accelerator..
  Creating internal representation of mux trees.
  No muxes found in this module.
Running muxtree optimizer on module \normalization_unit..
  Creating internal representation of mux trees.
  No muxes found in this module.
Running muxtree optimizer on module \weighted_sum..
  Creating internal representation of mux trees.
  No muxes found in this module.
Removed 0 multiplexer ports.

9.6.4. Executing OPT_REDUCE pass (consolidate $*mux and $reduce_* inputs).
  Optimizing cells in module \crop_stress_accelerator.
  Optimizing cells in module \normalization_unit.
  Optimizing cells in module \weighted_sum.
Performed a total of 0 changes.

9.6.5. Executing OPT_MERGE pass (detect identical cells).
Finding identical cells in module `\crop_stress_accelerator'.
Computing hashes of 478 cells of `\crop_stress_accelerator'.
Finding duplicate cells in `\crop_stress_accelerator'.
Finding identical cells in module `\normalization_unit'.
Computing hashes of 136 cells of `\normalization_unit'.
Finding duplicate cells in `\normalization_unit'.
Finding identical cells in module `\weighted_sum'.
Computing hashes of 367 cells of `\weighted_sum'.
Finding duplicate cells in `\weighted_sum'.
Removed a total of 0 cells.

9.6.6. Executing OPT_DFF pass (perform DFF optimizations).

9.6.7. Executing OPT_CLEAN pass (remove unused cells and wires).
Finding unused cells or wires in module \crop_stress_accelerator..
Finding unused cells or wires in module \normalization_unit..
Finding unused cells or wires in module \weighted_sum..

9.6.8. Executing OPT_EXPR pass (perform const folding).
Optimizing module crop_stress_accelerator.
Optimizing module normalization_unit.
Optimizing module weighted_sum.

9.6.9. Finished fast OPT passes. (There is nothing left to do.)

9.7. Executing FSM pass (extract and optimize FSM).

9.7.1. Executing FSM_DETECT pass (finding FSMs in design).

9.7.2. Executing FSM_EXTRACT pass (extracting FSM from design).

9.7.3. Executing FSM_OPT pass (simple optimizations of FSMs).

9.7.4. Executing OPT_CLEAN pass (remove unused cells and wires).
Finding unused cells or wires in module \crop_stress_accelerator..
Finding unused cells or wires in module \normalization_unit..
Finding unused cells or wires in module \weighted_sum..

9.7.5. Executing FSM_OPT pass (simple optimizations of FSMs).

9.7.6. Executing FSM_RECODE pass (re-assigning FSM state encoding).

9.7.7. Executing FSM_INFO pass (dumping all available information on FSM cells).

9.7.8. Executing FSM_MAP pass (mapping FSMs to basic logic).

9.8. Executing OPT pass (performing simple optimizations).

9.8.1. Executing OPT_EXPR pass (perform const folding).
Optimizing module crop_stress_accelerator.
Optimizing module normalization_unit.
Optimizing module weighted_sum.

9.8.2. Executing OPT_MERGE pass (detect identical cells).
Finding identical cells in module `\crop_stress_accelerator'.
Computing hashes of 478 cells of `\crop_stress_accelerator'.
Finding duplicate cells in `\crop_stress_accelerator'.
Finding identical cells in module `\normalization_unit'.
Computing hashes of 136 cells of `\normalization_unit'.
Finding duplicate cells in `\normalization_unit'.
Finding identical cells in module `\weighted_sum'.
Computing hashes of 367 cells of `\weighted_sum'.
Finding duplicate cells in `\weighted_sum'.
Removed a total of 0 cells.

9.8.3. Executing OPT_MUXTREE pass (detect dead branches in mux trees).
Running muxtree optimizer on module \crop_stress_accelerator..
  Creating internal representation of mux trees.
  No muxes found in this module.
Running muxtree optimizer on module \normalization_unit..
  Creating internal representation of mux trees.
  No muxes found in this module.
Running muxtree optimizer on module \weighted_sum..
  Creating internal representation of mux trees.
  No muxes found in this module.
Removed 0 multiplexer ports.

9.8.4. Executing OPT_REDUCE pass (consolidate $*mux and $reduce_* inputs).
  Optimizing cells in module \crop_stress_accelerator.
  Optimizing cells in module \normalization_unit.
  Optimizing cells in module \weighted_sum.
Performed a total of 0 changes.

9.8.5. Executing OPT_MERGE pass (detect identical cells).
Finding identical cells in module `\crop_stress_accelerator'.
Computing hashes of 478 cells of `\crop_stress_accelerator'.
Finding duplicate cells in `\crop_stress_accelerator'.
Finding identical cells in module `\normalization_unit'.
Computing hashes of 136 cells of `\normalization_unit'.
Finding duplicate cells in `\normalization_unit'.
Finding identical cells in module `\weighted_sum'.
Computing hashes of 367 cells of `\weighted_sum'.
Finding duplicate cells in `\weighted_sum'.
Removed a total of 0 cells.

9.8.6. Executing OPT_DFF pass (perform DFF optimizations).

9.8.7. Executing OPT_CLEAN pass (remove unused cells and wires).
Finding unused cells or wires in module \crop_stress_accelerator..
Finding unused cells or wires in module \normalization_unit..
Finding unused cells or wires in module \weighted_sum..

9.8.8. Executing OPT_EXPR pass (perform const folding).
Optimizing module crop_stress_accelerator.
Optimizing module normalization_unit.
Optimizing module weighted_sum.

9.8.9. Finished fast OPT passes. (There is nothing left to do.)

9.9. Executing WREDUCE pass (reducing word size of cells).
Removed top 8 bits (of 19) from wire normalization_unit.$techmap$shr$rtl/csa/normalization_unit.v:7$2.$11\buffer[18:0].

9.10. Executing PEEPOPT pass (run peephole optimizers).

9.11. Executing OPT_CLEAN pass (remove unused cells and wires).
Finding unused cells or wires in module \crop_stress_accelerator..
Finding unused cells or wires in module \normalization_unit..
Finding unused cells or wires in module \weighted_sum..
Removed 0 unused cells and 1 unused wires.
<suppressed ~1 debug messages>

9.12. Executing ALUMACC pass (create $alu and $macc cells).
Extracting $alu and $macc cells in module crop_stress_accelerator:
  created 0 $alu and 0 $macc cells.
Extracting $alu and $macc cells in module normalization_unit:
  created 0 $alu and 0 $macc cells.
Extracting $alu and $macc cells in module weighted_sum:
  created 0 $alu and 0 $macc cells.

9.13. Executing SHARE pass (SAT-based resource sharing).

9.14. Executing OPT pass (performing simple optimizations).

9.14.1. Executing OPT_EXPR pass (perform const folding).
Optimizing module crop_stress_accelerator.
Optimizing module normalization_unit.
Optimizing module weighted_sum.

9.14.2. Executing OPT_MERGE pass (detect identical cells).
Finding identical cells in module `\crop_stress_accelerator'.
Computing hashes of 478 cells of `\crop_stress_accelerator'.
Finding duplicate cells in `\crop_stress_accelerator'.
Finding identical cells in module `\normalization_unit'.
Computing hashes of 136 cells of `\normalization_unit'.
Finding duplicate cells in `\normalization_unit'.
Finding identical cells in module `\weighted_sum'.
Computing hashes of 367 cells of `\weighted_sum'.
Finding duplicate cells in `\weighted_sum'.
Removed a total of 0 cells.

9.14.3. Executing OPT_MUXTREE pass (detect dead branches in mux trees).
Running muxtree optimizer on module \crop_stress_accelerator..
  Creating internal representation of mux trees.
  No muxes found in this module.
Running muxtree optimizer on module \normalization_unit..
  Creating internal representation of mux trees.
  No muxes found in this module.
Running muxtree optimizer on module \weighted_sum..
  Creating internal representation of mux trees.
  No muxes found in this module.
Removed 0 multiplexer ports.

9.14.4. Executing OPT_REDUCE pass (consolidate $*mux and $reduce_* inputs).
  Optimizing cells in module \crop_stress_accelerator.
  Optimizing cells in module \normalization_unit.
  Optimizing cells in module \weighted_sum.
Performed a total of 0 changes.

9.14.5. Executing OPT_MERGE pass (detect identical cells).
Finding identical cells in module `\crop_stress_accelerator'.
Computing hashes of 478 cells of `\crop_stress_accelerator'.
Finding duplicate cells in `\crop_stress_accelerator'.
Finding identical cells in module `\normalization_unit'.
Computing hashes of 136 cells of `\normalization_unit'.
Finding duplicate cells in `\normalization_unit'.
Finding identical cells in module `\weighted_sum'.
Computing hashes of 367 cells of `\weighted_sum'.
Finding duplicate cells in `\weighted_sum'.
Removed a total of 0 cells.

9.14.6. Executing OPT_DFF pass (perform DFF optimizations).

9.14.7. Executing OPT_CLEAN pass (remove unused cells and wires).
Finding unused cells or wires in module \crop_stress_accelerator..
Finding unused cells or wires in module \normalization_unit..
Finding unused cells or wires in module \weighted_sum..

9.14.8. Executing OPT_EXPR pass (perform const folding).
Optimizing module crop_stress_accelerator.
Optimizing module normalization_unit.
Optimizing module weighted_sum.

9.14.9. Finished fast OPT passes. (There is nothing left to do.)

9.15. Executing MEMORY pass.

9.15.1. Executing OPT_MEM pass (optimize memories).
Performed a total of 0 transformations.

9.15.2. Executing OPT_MEM_PRIORITY pass (removing unnecessary memory write priority relations).
Performed a total of 0 transformations.

9.15.3. Executing OPT_MEM_FEEDBACK pass (finding memory read-to-write feedback paths).

9.15.4. Executing MEMORY_BMUX2ROM pass (converting muxes to ROMs).

9.15.5. Executing MEMORY_DFF pass (merging $dff cells to $memrd).

9.15.6. Executing OPT_CLEAN pass (remove unused cells and wires).
Finding unused cells or wires in module \crop_stress_accelerator..
Finding unused cells or wires in module \normalization_unit..
Finding unused cells or wires in module \weighted_sum..

9.15.7. Executing MEMORY_SHARE pass (consolidating $memrd/$memwr cells).

9.15.8. Executing OPT_MEM_WIDEN pass (optimize memories where all ports are wide).
Performed a total of 0 transformations.

9.15.9. Executing OPT_CLEAN pass (remove unused cells and wires).
Finding unused cells or wires in module \crop_stress_accelerator..
Finding unused cells or wires in module \normalization_unit..
Finding unused cells or wires in module \weighted_sum..

9.15.10. Executing MEMORY_COLLECT pass (generating $mem cells).

9.16. Executing OPT_CLEAN pass (remove unused cells and wires).
Finding unused cells or wires in module \crop_stress_accelerator..
Finding unused cells or wires in module \normalization_unit..
Finding unused cells or wires in module \weighted_sum..

9.17. Executing OPT pass (performing simple optimizations).

9.17.1. Executing OPT_EXPR pass (perform const folding).
Optimizing module crop_stress_accelerator.
Optimizing module normalization_unit.
Optimizing module weighted_sum.

9.17.2. Executing OPT_MERGE pass (detect identical cells).
Finding identical cells in module `\crop_stress_accelerator'.
Computing hashes of 478 cells of `\crop_stress_accelerator'.
Finding duplicate cells in `\crop_stress_accelerator'.
Finding identical cells in module `\normalization_unit'.
Computing hashes of 136 cells of `\normalization_unit'.
Finding duplicate cells in `\normalization_unit'.
Finding identical cells in module `\weighted_sum'.
Computing hashes of 367 cells of `\weighted_sum'.
Finding duplicate cells in `\weighted_sum'.
Removed a total of 0 cells.

9.17.3. Executing OPT_DFF pass (perform DFF optimizations).

9.17.4. Executing OPT_CLEAN pass (remove unused cells and wires).
Finding unused cells or wires in module \crop_stress_accelerator..
Finding unused cells or wires in module \normalization_unit..
Finding unused cells or wires in module \weighted_sum..

9.17.5. Finished fast OPT passes.

9.18. Executing MEMORY_MAP pass (converting memories to logic and flip-flops).

9.19. Executing OPT pass (performing simple optimizations).

9.19.1. Executing OPT_EXPR pass (perform const folding).
Optimizing module crop_stress_accelerator.
Optimizing module normalization_unit.
Optimizing module weighted_sum.

9.19.2. Executing OPT_MERGE pass (detect identical cells).
Finding identical cells in module `\crop_stress_accelerator'.
Computing hashes of 478 cells of `\crop_stress_accelerator'.
Finding duplicate cells in `\crop_stress_accelerator'.
Finding identical cells in module `\normalization_unit'.
Computing hashes of 136 cells of `\normalization_unit'.
Finding duplicate cells in `\normalization_unit'.
Finding identical cells in module `\weighted_sum'.
Computing hashes of 367 cells of `\weighted_sum'.
Finding duplicate cells in `\weighted_sum'.
Removed a total of 0 cells.

9.19.3. Executing OPT_MUXTREE pass (detect dead branches in mux trees).
Running muxtree optimizer on module \crop_stress_accelerator..
  Creating internal representation of mux trees.
  No muxes found in this module.
Running muxtree optimizer on module \normalization_unit..
  Creating internal representation of mux trees.
  No muxes found in this module.
Running muxtree optimizer on module \weighted_sum..
  Creating internal representation of mux trees.
  No muxes found in this module.
Removed 0 multiplexer ports.

9.19.4. Executing OPT_REDUCE pass (consolidate $*mux and $reduce_* inputs).
  Optimizing cells in module \crop_stress_accelerator.
  Optimizing cells in module \normalization_unit.
  Optimizing cells in module \weighted_sum.
Performed a total of 0 changes.

9.19.5. Executing OPT_MERGE pass (detect identical cells).
Finding identical cells in module `\crop_stress_accelerator'.
Computing hashes of 478 cells of `\crop_stress_accelerator'.
Finding duplicate cells in `\crop_stress_accelerator'.
Finding identical cells in module `\normalization_unit'.
Computing hashes of 136 cells of `\normalization_unit'.
Finding duplicate cells in `\normalization_unit'.
Finding identical cells in module `\weighted_sum'.
Computing hashes of 367 cells of `\weighted_sum'.
Finding duplicate cells in `\weighted_sum'.
Removed a total of 0 cells.

9.19.6. Executing OPT_SHARE pass.

9.19.7. Executing OPT_DFF pass (perform DFF optimizations).

9.19.8. Executing OPT_CLEAN pass (remove unused cells and wires).
Finding unused cells or wires in module \crop_stress_accelerator..
Finding unused cells or wires in module \normalization_unit..
Finding unused cells or wires in module \weighted_sum..

9.19.9. Executing OPT_EXPR pass (perform const folding).
Optimizing module crop_stress_accelerator.
Optimizing module normalization_unit.
Optimizing module weighted_sum.

9.19.10. Finished fast OPT passes. (There is nothing left to do.)

9.20. Executing TECHMAP pass (map to technology primitives).

9.20.1. Executing Verilog-2005 frontend: /root/OpenROAD-flow-scripts/tools/install/yosys/bin/../share/yosys/techmap.v
Parsing Verilog input from `/root/OpenROAD-flow-scripts/tools/install/yosys/bin/../share/yosys/techmap.v' to AST representation.
Generating RTLIL representation for module `\_90_simplemap_bool_ops'.
Generating RTLIL representation for module `\_90_simplemap_reduce_ops'.
Generating RTLIL representation for module `\_90_simplemap_logic_ops'.
Generating RTLIL representation for module `\_90_simplemap_compare_ops'.
Generating RTLIL representation for module `\_90_simplemap_various'.
Generating RTLIL representation for module `\_90_simplemap_registers'.
Generating RTLIL representation for module `\_90_shift_ops_shr_shl_sshl_sshr'.
Generating RTLIL representation for module `\_90_shift_shiftx'.
Generating RTLIL representation for module `\_90_fa'.
Generating RTLIL representation for module `\_90_lcu_brent_kung'.
Generating RTLIL representation for module `\_90_alu'.
Generating RTLIL representation for module `\_90_macc'.
Generating RTLIL representation for module `\_90_alumacc'.
Generating RTLIL representation for module `$__div_mod_u'.
Generating RTLIL representation for module `$__div_mod_trunc'.
Generating RTLIL representation for module `\_90_div'.
Generating RTLIL representation for module `\_90_mod'.
Generating RTLIL representation for module `$__div_mod_floor'.
Generating RTLIL representation for module `\_90_divfloor'.
Generating RTLIL representation for module `\_90_modfloor'.
Generating RTLIL representation for module `\_90_pow'.
Generating RTLIL representation for module `\_90_pmux'.
Generating RTLIL representation for module `\_90_demux'.
Generating RTLIL representation for module `\_90_lut'.
Generating RTLIL representation for module `$connect'.
Generating RTLIL representation for module `$input_port'.
Successfully finished Verilog frontend.

9.20.2. Continuing TECHMAP pass.
No more expansions possible.
<suppressed ~77 debug messages>

9.21. Executing OPT pass (performing simple optimizations).

9.21.1. Executing OPT_EXPR pass (perform const folding).
Optimizing module crop_stress_accelerator.
Optimizing module normalization_unit.
Optimizing module weighted_sum.

9.21.2. Executing OPT_MERGE pass (detect identical cells).
Finding identical cells in module `\crop_stress_accelerator'.
Computing hashes of 478 cells of `\crop_stress_accelerator'.
Finding duplicate cells in `\crop_stress_accelerator'.
Finding identical cells in module `\normalization_unit'.
Computing hashes of 136 cells of `\normalization_unit'.
Finding duplicate cells in `\normalization_unit'.
Finding identical cells in module `\weighted_sum'.
Computing hashes of 367 cells of `\weighted_sum'.
Finding duplicate cells in `\weighted_sum'.
Removed a total of 0 cells.

9.21.3. Executing OPT_DFF pass (perform DFF optimizations).

9.21.4. Executing OPT_CLEAN pass (remove unused cells and wires).
Finding unused cells or wires in module \crop_stress_accelerator..
Finding unused cells or wires in module \normalization_unit..
Finding unused cells or wires in module \weighted_sum..

9.21.5. Finished fast OPT passes.

9.22. Executing ABC pass (technology mapping using ABC).

9.22.1. Extracting gate netlist of module `\crop_stress_accelerator' to `<abc-temp-dir>/input.blif'..

9.22.1.1. Executed ABC.
Extracted 453 gates and 533 wires to a netlist network with 80 inputs and 19 outputs.
Running ABC script: <abc-temp-dir>/abc.script
ABC: UC Berkeley, ABC 1.01 (compiled Jun 14 2026 19:10:02)
ABC: abc 01> empty
ABC: abc 01> source <abc-temp-dir>/abc.script
ABC: + read_blif <abc-temp-dir>/input.blif 
ABC: + read_library <abc-temp-dir>/stdcells.genlib 
ABC: + strash 
ABC: + &get -n 
ABC: + &fraig -x 
ABC: + &put 
ABC: + scorr 
ABC: Warning: The network is combinational (run "fraig" or "fraig_sweep").
ABC: + dc2 
ABC: + dretime 
ABC: + strash 
ABC: + &get -n 
ABC: + &dch -f 
ABC: + &nf 
ABC: + &put 
ABC: + write_blif <abc-temp-dir>/output.blif 
ABC: 
ABC: YOSYS_ABC_DONE 

9.22.1.2. Re-integrating ABC results.
ABC RESULTS:               AND cells:       48
ABC RESULTS:              NAND cells:       98
ABC RESULTS:               NOT cells:        2
ABC RESULTS:                OR cells:       51
ABC RESULTS:              XNOR cells:       52
ABC RESULTS:               XOR cells:       72
ABC RESULTS:        internal signals:      434
ABC RESULTS:           input signals:       80
ABC RESULTS:          output signals:       19
Removing temp directory.

9.22.2. Extracting gate netlist of module `\normalization_unit' to `<abc-temp-dir>/input.blif'..

9.22.2.1. Executed ABC.
Extracted 136 gates and 161 wires to a netlist network with 23 inputs and 8 outputs.
Running ABC script: <abc-temp-dir>/abc.script
ABC: UC Berkeley, ABC 1.01 (compiled Jun 14 2026 19:10:02)
ABC: abc 01> empty
ABC: abc 01> source <abc-temp-dir>/abc.script
ABC: + read_blif <abc-temp-dir>/input.blif 
ABC: + read_library <abc-temp-dir>/stdcells.genlib 
ABC: + strash 
ABC: + &get -n 
ABC: + &fraig -x 
ABC: + &put 
ABC: + scorr 
ABC: Warning: The network is combinational (run "fraig" or "fraig_sweep").
ABC: + dc2 
ABC: + dretime 
ABC: + strash 
ABC: + &get -n 
ABC: + &dch -f 
ABC: + &nf 
ABC: + &put 
ABC: + write_blif <abc-temp-dir>/output.blif 
ABC: 
ABC: YOSYS_ABC_DONE 

9.22.2.2. Re-integrating ABC results.
ABC RESULTS:               AND cells:        8
ABC RESULTS:            ANDNOT cells:        4
ABC RESULTS:               MUX cells:       54
ABC RESULTS:              NAND cells:        5
ABC RESULTS:               NOR cells:        5
ABC RESULTS:               NOT cells:        1
ABC RESULTS:                OR cells:       14
ABC RESULTS:             ORNOT cells:        2
ABC RESULTS:        internal signals:      130
ABC RESULTS:           input signals:       23
ABC RESULTS:          output signals:        8
Removing temp directory.

9.22.3. Extracting gate netlist of module `\weighted_sum' to `<abc-temp-dir>/input.blif'..

9.22.3.1. Executed ABC.
Extracted 367 gates and 383 wires to a netlist network with 16 inputs and 16 outputs.
Running ABC script: <abc-temp-dir>/abc.script
ABC: UC Berkeley, ABC 1.01 (compiled Jun 14 2026 19:10:02)
ABC: abc 01> empty
ABC: abc 01> source <abc-temp-dir>/abc.script
ABC: + read_blif <abc-temp-dir>/input.blif 
ABC: + read_library <abc-temp-dir>/stdcells.genlib 
ABC: + strash 
ABC: + &get -n 
ABC: + &fraig -x 
ABC: + &put 
ABC: + scorr 
ABC: Warning: The network is combinational (run "fraig" or "fraig_sweep").
ABC: + dc2 
ABC: + dretime 
ABC: + strash 
ABC: + &get -n 
ABC: + &dch -f 
ABC: + &nf 
ABC: + &put 
ABC: + write_blif <abc-temp-dir>/output.blif 
ABC: 
ABC: YOSYS_ABC_DONE 

9.22.3.2. Re-integrating ABC results.
ABC RESULTS:               AND cells:       78
ABC RESULTS:            ANDNOT cells:        1
ABC RESULTS:              NAND cells:      148
ABC RESULTS:             ORNOT cells:        1
ABC RESULTS:              XNOR cells:       11
ABC RESULTS:               XOR cells:      104
ABC RESULTS:        internal signals:      351
ABC RESULTS:           input signals:       16
ABC RESULTS:          output signals:       16
Removing temp directory.
Removing global temp directory.

9.23. Executing OPT pass (performing simple optimizations).

9.23.1. Executing OPT_EXPR pass (perform const folding).
Optimizing module crop_stress_accelerator.
Optimizing module normalization_unit.
<suppressed ~12 debug messages>
Optimizing module weighted_sum.

9.23.2. Executing OPT_MERGE pass (detect identical cells).
Finding identical cells in module `\crop_stress_accelerator'.
Computing hashes of 348 cells of `\crop_stress_accelerator'.
Finding duplicate cells in `\crop_stress_accelerator'.
Finding identical cells in module `\normalization_unit'.
Computing hashes of 93 cells of `\normalization_unit'.
Finding duplicate cells in `\normalization_unit'.
Finding identical cells in module `\weighted_sum'.
Computing hashes of 343 cells of `\weighted_sum'.
Finding duplicate cells in `\weighted_sum'.
Removed a total of 0 cells.

9.23.3. Executing OPT_DFF pass (perform DFF optimizations).

9.23.4. Executing OPT_CLEAN pass (remove unused cells and wires).
Finding unused cells or wires in module \crop_stress_accelerator..
Finding unused cells or wires in module \normalization_unit..
Finding unused cells or wires in module \weighted_sum..
Removed 0 unused cells and 476 unused wires.
<suppressed ~4 debug messages>

9.23.5. Finished fast OPT passes.

9.24. Executing HIERARCHY pass (managing design hierarchy).
Attribute `top' found on module `crop_stress_accelerator'. Setting top module to crop_stress_accelerator.

9.24.1. Analyzing design hierarchy..
Top module:  \crop_stress_accelerator
Used module:     \normalization_unit
Used module:     \weighted_sum

9.24.2. Analyzing design hierarchy..
Top module:  \crop_stress_accelerator
Used module:     \normalization_unit
Used module:     \weighted_sum
Removed 0 unused modules.

9.25. Printing statistics.

=== crop_stress_accelerator ===

        +----------Local Count, excluding submodules.
        | 
      325 wires
      516 wire bits
       21 public wires
      212 public wire bits
       14 ports
       94 port bits
      342 cells
       48   $_AND_
       19   $_DFF_PN0_
       98   $_NAND_
        2   $_NOT_
       51   $_OR_
       52   $_XNOR_
       72   $_XOR_
        6 submodules
        1   normalization_unit
        5   weighted_sum

=== normalization_unit ===

        +----------Local Count, excluding submodules.
        | 
       88 wires
      116 wire bits
        3 public wires
       31 public wire bits
        3 ports
       31 port bits
       93 cells
        4   $_ANDNOT_
        8   $_AND_
       54   $_MUX_
        5   $_NAND_
        5   $_NOR_
        1   $_NOT_
        2   $_ORNOT_
       14   $_OR_

=== weighted_sum ===

        +----------Local Count, excluding submodules.
        | 
      330 wires
      359 wire bits
        3 public wires
       32 public wire bits
        3 ports
       32 port bits
      343 cells
        1   $_ANDNOT_
       78   $_AND_
      148   $_NAND_
        1   $_ORNOT_
       11   $_XNOR_
      104   $_XOR_

=== design hierarchy ===

        +----------Count including submodules.
        | 
     2150 crop_stress_accelerator
       93 normalization_unit
      343 weighted_sum

        +----------Count including submodules.
        | 
     2063 wires
     2427 wire bits
       39 public wires
      403 public wire bits
       32 ports
      285 port bits
        - memories
        - memory bits
        - processes
     2150 cells
        9   $_ANDNOT_
      446   $_AND_
       19   $_DFF_PN0_
       54   $_MUX_
      843   $_NAND_
        5   $_NOR_
        3   $_NOT_
        7   $_ORNOT_
       65   $_OR_
      107   $_XNOR_
      592   $_XOR_
        6 submodules
        1   normalization_unit
        5   weighted_sum

9.26. Executing CHECK pass (checking for obvious problems).
Checking module crop_stress_accelerator...
Checking module normalization_unit...
Checking module weighted_sum...
Found and reported 0 problems.

10. Printing statistics.

=== crop_stress_accelerator ===

        +----------Local Count, excluding submodules.
        | 
      325 wires
      516 wire bits
       21 public wires
      212 public wire bits
       14 ports
       94 port bits
      342 cells
       48   $_AND_
       19   $_DFF_PN0_
       98   $_NAND_
        2   $_NOT_
       51   $_OR_
       52   $_XNOR_
       72   $_XOR_
        6 submodules
        1   normalization_unit
        5   weighted_sum

=== normalization_unit ===

        +----------Local Count, excluding submodules.
        | 
       88 wires
      116 wire bits
        3 public wires
       31 public wire bits
        3 ports
       31 port bits
       93 cells
        4   $_ANDNOT_
        8   $_AND_
       54   $_MUX_
        5   $_NAND_
        5   $_NOR_
        1   $_NOT_
        2   $_ORNOT_
       14   $_OR_

=== weighted_sum ===

        +----------Local Count, excluding submodules.
        | 
      330 wires
      359 wire bits
        3 public wires
       32 public wire bits
        3 ports
       32 port bits
      343 cells
        1   $_ANDNOT_
       78   $_AND_
      148   $_NAND_
        1   $_ORNOT_
       11   $_XNOR_
      104   $_XOR_

=== design hierarchy ===

        +----------Count including submodules.
        | 
     2150 crop_stress_accelerator
       93 normalization_unit
      343 weighted_sum

        +----------Count including submodules.
        | 
     2063 wires
     2427 wire bits
       39 public wires
      403 public wire bits
       32 ports
      285 port bits
        - memories
        - memory bits
        - processes
     2150 cells
        9   $_ANDNOT_
      446   $_AND_
       19   $_DFF_PN0_
       54   $_MUX_
      843   $_NAND_
        5   $_NOR_
        3   $_NOT_
        7   $_ORNOT_
       65   $_OR_
      107   $_XNOR_
      592   $_XOR_
        6 submodules
        1   normalization_unit
        5   weighted_sum

End of script. Logfile hash: 2d4b8c0063, time: 0.63s, user: 0.27s, system: 0.02s, MEM: 27.75 MB peak
Yosys 0.64 (git sha1 8449dd470, g++ 11.4.0-1ubuntu1~22.04.3 -fPIC -O3) [the-openroad-project/yosys]
Time spent: 57% 1x abc (0 sec), 10% 26x opt_expr (0 sec), ...
